<?xml version="1.0" encoding="UTF-8"?>
<testng-results skipped="0" failed="0" total="1" passed="1">
  <reporter-output>
  </reporter-output>
  <suite name="Suite" duration-ms="19" started-at="2015-10-20T05:29:41Z" finished-at="2015-10-20T05:29:41Z">
    <groups>
    </groups>
    <test name="Test" duration-ms="19" started-at="2015-10-20T05:29:41Z" finished-at="2015-10-20T05:29:41Z">
      <class name="test.NewTest">
        <test-method status="PASS" signature="f()[pri:0, instance:test.NewTest@63e31ee]" name="f" duration-ms="6" started-at="2015-10-20T10:59:41Z" finished-at="2015-10-20T10:59:41Z">
          <reporter-output>
          </reporter-output>
        </test-method> <!-- f -->
      </class> <!-- test.NewTest -->
    </test> <!-- Test -->
  </suite> <!-- Suite -->
</testng-results>
